<?xml version="1.0" encoding="UTF-8"?>
<!-- Generated by org.testng.reporters.JUnitReportReporter -->
<testsuite hostname="DESKTOP-TKO2SL1" failures="0" tests="1" name="test.com.itexps.CalculatorsTest" time="0.007" errors="0" timestamp="28 Jan 2023 20:54:07 GMT">
  <testcase classname="test.com.itexps.CalculatorsTest" name="testdiv" time="0.007"/>
</testsuite> <!-- test.com.itexps.CalculatorsTest -->
